<?xml version="1.0" encoding="UTF-8"?>
<testsuite xmlns:xsi="http://www.w3.org/2001/XMLSchema-instance" xsi:schemaLocation="https://maven.apache.org/surefire/maven-surefire-plugin/xsd/surefire-test-report.xsd" name="core.AllTest" time="83.534" tests="90" errors="0" skipped="0" failures="0">
  <properties>
    <property name="java.runtime.name" value="Java(TM) SE Runtime Environment"/>
    <property name="sun.boot.library.path" value="C:\Program Files\Java\jdk1.8.0_201\jre\bin"/>
    <property name="java.vm.version" value="25.201-b09"/>
    <property name="user.country.format" value="BY"/>
    <property name="java.vm.vendor" value="Oracle Corporation"/>
    <property name="maven.multiModuleProjectDirectory" value="C:\- ira\Курсы\FinalProgect\finalProgect"/>
    <property name="java.vendor.url" value="http://java.oracle.com/"/>
    <property name="path.separator" value=";"/>
    <property name="guice.disable.misplaced.annotation.check" value="true"/>
    <property name="java.vm.name" value="Java HotSpot(TM) 64-Bit Server VM"/>
    <property name="file.encoding.pkg" value="sun.io"/>
    <property name="user.script" value=""/>
    <property name="user.country" value="RU"/>
    <property name="sun.java.launcher" value="SUN_STANDARD"/>
    <property name="sun.os.patch.level" value=""/>
    <property name="java.vm.specification.name" value="Java Virtual Machine Specification"/>
    <property name="user.dir" value="C:\- ira\Курсы\FinalProgect\finalProgect"/>
    <property name="java.runtime.version" value="1.8.0_201-b09"/>
    <property name="java.awt.graphicsenv" value="sun.awt.Win32GraphicsEnvironment"/>
    <property name="java.endorsed.dirs" value="C:\Program Files\Java\jdk1.8.0_201\jre\lib\endorsed"/>
    <property name="os.arch" value="amd64"/>
    <property name="java.io.tmpdir" value="C:\Users\solol\AppData\Local\Temp\"/>
    <property name="line.separator" value="&#10;"/>
    <property name="java.vm.specification.vendor" value="Oracle Corporation"/>
    <property name="user.variant" value=""/>
    <property name="os.name" value="Windows 10"/>
    <property name="classworlds.conf" value="C:\Program Files\maven\bin\..\bin\m2.conf"/>
    <property name="sun.jnu.encoding" value="Cp1251"/>
    <property name="java.library.path" value="C:\Program Files\Java\jdk1.8.0_201\bin;C:\Windows\Sun\Java\bin;C:\Windows\system32;C:\Windows;C:\Program Files (x86)\Common Files\Oracle\Java\javapath;C:\Program Files (x86)\Intel\Intel(R) Management Engine Components\iCLS\;C:\Program Files\Intel\Intel(R) Management Engine Components\iCLS\;C:\Windows\system32;C:\Windows;C:\Windows\System32\Wbem;C:\Windows\System32\WindowsPowerShell\v1.0\;C:\Windows\System32\OpenSSH\;C:\Program Files (x86)\NVIDIA Corporation\PhysX\Common;C:\Program Files (x86)\Intel\Intel(R) Management Engine Components\DAL;C:\Program Files\Intel\Intel(R) Management Engine Components\DAL;C:\Program Files (x86)\Intel\Intel(R) Management Engine Components\IPT;C:\Program Files\Intel\Intel(R) Management Engine Components\IPT;C:\Program Files\Java\jdk1.8.0_201\bin;C:\Program Files\Git\cmd;C:\- ira\Курсы\chromedriver_win32\;C:\Program Files\maven\bin;C:\Users\solol\AppData\Local\Microsoft\WindowsApps;;."/>
    <property name="maven.conf" value="C:\Program Files\maven\bin\../conf"/>
    <property name="java.specification.name" value="Java Platform API Specification"/>
    <property name="java.class.version" value="52.0"/>
    <property name="sun.management.compiler" value="HotSpot 64-Bit Tiered Compilers"/>
    <property name="os.version" value="10.0"/>
    <property name="library.jansi.path" value="C:\Program Files\maven\bin\..\lib\jansi-native"/>
    <property name="user.home" value="C:\Users\solol"/>
    <property name="user.timezone" value="Europe/Minsk"/>
    <property name="java.awt.printerjob" value="sun.awt.windows.WPrinterJob"/>
    <property name="java.specification.version" value="1.8"/>
    <property name="file.encoding" value="Cp1251"/>
    <property name="user.name" value="solol"/>
    <property name="java.class.path" value="C:\Program Files\maven\bin\..\boot\plexus-classworlds-2.5.2.jar"/>
    <property name="java.vm.specification.version" value="1.8"/>
    <property name="sun.arch.data.model" value="64"/>
    <property name="java.home" value="C:\Program Files\Java\jdk1.8.0_201\jre"/>
    <property name="sun.java.command" value="org.codehaus.plexus.classworlds.launcher.Launcher clean test"/>
    <property name="java.specification.vendor" value="Oracle Corporation"/>
    <property name="user.language" value="ru"/>
    <property name="awt.toolkit" value="sun.awt.windows.WToolkit"/>
    <property name="java.vm.info" value="mixed mode"/>
    <property name="java.version" value="1.8.0_201"/>
    <property name="java.ext.dirs" value="C:\Program Files\Java\jdk1.8.0_201\jre\lib\ext;C:\Windows\Sun\Java\lib\ext"/>
    <property name="sun.boot.class.path" value="C:\Program Files\Java\jdk1.8.0_201\jre\lib\resources.jar;C:\Program Files\Java\jdk1.8.0_201\jre\lib\rt.jar;C:\Program Files\Java\jdk1.8.0_201\jre\lib\sunrsasign.jar;C:\Program Files\Java\jdk1.8.0_201\jre\lib\jsse.jar;C:\Program Files\Java\jdk1.8.0_201\jre\lib\jce.jar;C:\Program Files\Java\jdk1.8.0_201\jre\lib\charsets.jar;C:\Program Files\Java\jdk1.8.0_201\jre\lib\jfr.jar;C:\Program Files\Java\jdk1.8.0_201\jre\classes"/>
    <property name="sun.stderr.encoding" value="cp866"/>
    <property name="java.vendor" value="Oracle Corporation"/>
    <property name="maven.home" value="C:\Program Files\maven\bin\.."/>
    <property name="file.separator" value="\"/>
    <property name="java.vendor.url.bug" value="http://bugreport.sun.com/bugreport/"/>
    <property name="sun.cpu.endian" value="little"/>
    <property name="sun.io.unicode.encoding" value="UnicodeLittle"/>
    <property name="sun.stdout.encoding" value="cp866"/>
    <property name="sun.desktop" value="windows"/>
    <property name="sun.cpu.isalist" value="amd64"/>
  </properties>
  <testcase name="Given I decided to post on the wall" classname="Scenario: Posting on the wall" time="0.002"/>
  <testcase name="When I sent post request" classname="Scenario: Posting on the wall" time="0.001"/>
  <testcase name="When I get response" classname="Scenario: Posting on the wall" time="0"/>
  <testcase name="Then I check is it posted" classname="Scenario: Posting on the wall" time="0.001"/>
  <testcase name="Scenario: Posting on the wall" classname="Scenario: Posting on the wall" time="0.002"/>
  <testcase name="Given I decided to update post on the wall" classname="Scenario: Update post on the wall" time="0.001"/>
  <testcase name="When I sent update request" classname="Scenario: Update post on the wall" time="0"/>
  <testcase name="When I get response" classname="Scenario: Update post on the wall" time="0"/>
  <testcase name="Then I check json answer matches xml" classname="Scenario: Update post on the wall" time="0"/>
  <testcase name="Scenario: Update post on the wall" classname="Scenario: Update post on the wall" time="0.001"/>
  <testcase name="Given I am on page with &quot;https://mail.ru&quot; url" classname="Scenario: See the astrological forecast for the scorpion for the year" time="0.001"/>
  <testcase name="When I choose link astrology" classname="Scenario: See the astrological forecast for the scorpion for the year" time="0"/>
  <testcase name="When I open page with all sign of the zodiac" classname="Scenario: See the astrological forecast for the scorpion for the year" time="0"/>
  <testcase name="When I choose sign Scorpion" classname="Scenario: See the astrological forecast for the scorpion for the year" time="0.001"/>
  <testcase name="When I choose astrology period" classname="Scenario: See the astrological forecast for the scorpion for the year" time="0.001"/>
  <testcase name="Then I see astrological forecast" classname="Scenario: See the astrological forecast for the scorpion for the year" time="0"/>
  <testcase name="Scenario: See the astrological forecast for the scorpion for the year" classname="Scenario: See the astrological forecast for the scorpion for the year" time="0"/>
  <testcase name="Given I am on page with &quot;https://mail.ru&quot; url" classname="Scenario: Create filter" time="0"/>
  <testcase name="When I login as correct user" classname="Scenario: Create filter" time="0"/>
  <testcase name="When I choose a mail" classname="Scenario: Create filter" time="0"/>
  <testcase name="When I click button more" classname="Scenario: Create filter" time="0"/>
  <testcase name="When I open popup for create new filter" classname="Scenario: Create filter" time="0"/>
  <testcase name="When I open all folders" classname="Scenario: Create filter" time="0"/>
  <testcase name="When I choose folder" classname="Scenario: Create filter" time="0"/>
  <testcase name="When I save Filter" classname="Scenario: Create filter" time="0.001"/>
  <testcase name="Then I see message that filter created" classname="Scenario: Create filter" time="0"/>
  <testcase name="Scenario: Create filter" classname="Scenario: Create filter" time="0"/>
  <testcase name="Given I am on page with &quot;https://mail.ru&quot; url" classname="Scenario: Delete filter" time="0"/>
  <testcase name="When I login as correct user" classname="Scenario: Delete filter" time="0"/>
  <testcase name="When I click more in main menu" classname="Scenario: Delete filter" time="0"/>
  <testcase name="When I open settings" classname="Scenario: Delete filter" time="0"/>
  <testcase name="When I open filter settings" classname="Scenario: Delete filter" time="0"/>
  <testcase name="When I click delete button" classname="Scenario: Delete filter" time="0.001"/>
  <testcase name="When I confirm delete" classname="Scenario: Delete filter" time="0"/>
  <testcase name="Then I see that filter deleted" classname="Scenario: Delete filter" time="0"/>
  <testcase name="Scenario: Delete filter" classname="Scenario: Delete filter" time="0.001"/>
  <testcase name="Given I am on page with &quot;https://mail.ru&quot; url" classname="Scenario: Flag letters" time="0"/>
  <testcase name="When I login as correct user" classname="Scenario: Flag letters" time="0"/>
  <testcase name="When I choose a few mails" classname="Scenario: Flag letters" time="0"/>
  <testcase name="When I click button more" classname="Scenario: Flag letters" time="0"/>
  <testcase name="When I flag letters" classname="Scenario: Flag letters" time="0"/>
  <testcase name="Then I check whether the letters are flagged" classname="Scenario: Flag letters" time="0"/>
  <testcase name="Scenario: Flag letters" classname="Scenario: Flag letters" time="0"/>
  <testcase name="Given I am on page with &quot;https://mail.ru&quot; url" classname="Scenario: Removing the flag from the letters" time="0"/>
  <testcase name="When I login as correct user" classname="Scenario: Removing the flag from the letters" time="0.001"/>
  <testcase name="When I choose all mails" classname="Scenario: Removing the flag from the letters" time="0"/>
  <testcase name="When I click button more" classname="Scenario: Removing the flag from the letters" time="0"/>
  <testcase name="When I click button more" classname="Scenario: Removing the flag from the letters" time="0.001"/>
  <testcase name="When I click button more" classname="Scenario: Removing the flag from the letters" time="0"/>
  <testcase name="When I flag letters" classname="Scenario: Removing the flag from the letters" time="0"/>
  <testcase name="When I remove the flag" classname="Scenario: Removing the flag from the letters" time="0"/>
  <testcase name="Then I check if flag is not set" classname="Scenario: Removing the flag from the letters" time="0"/>
  <testcase name="Scenario: Removing the flag from the letters" classname="Scenario: Removing the flag from the letters" time="0"/>
  <testcase name="Given I am on page with &quot;https://mail.ru&quot; url" classname="Scenario: Send a mail" time="0.001"/>
  <testcase name="When I login as correct user" classname="Scenario: Send a mail" time="0"/>
  <testcase name="When I click a button New Mail" classname="Scenario: Send a mail" time="0"/>
  <testcase name="When I fill the field To" classname="Scenario: Send a mail" time="0"/>
  <testcase name="When I fill the field Topic" classname="Scenario: Send a mail" time="0"/>
  <testcase name="When I fill content" classname="Scenario: Send a mail" time="0"/>
  <testcase name="When I click a button Send" classname="Scenario: Send a mail" time="0"/>
  <testcase name="Then I check if mail is sended" classname="Scenario: Send a mail" time="0"/>
  <testcase name="Scenario: Send a mail" classname="Scenario: Send a mail" time="0"/>
  <testcase name="Given I am on page with &quot;https://mail.ru&quot; url" classname="Scenario: Delete a mail" time="0"/>
  <testcase name="When I login as correct user" classname="Scenario: Delete a mail" time="0.001"/>
  <testcase name="When I choose a mail" classname="Scenario: Delete a mail" time="0"/>
  <testcase name="When I click a button Delete" classname="Scenario: Delete a mail" time="0.001"/>
  <testcase name="Then I check if mail is deleted" classname="Scenario: Delete a mail" time="0"/>
  <testcase name="Scenario: Delete a mail" classname="Scenario: Delete a mail" time="0"/>
  <testcase name="Given I am on page with &quot;https://mail.ru&quot; url" classname="Scenario: Moving letters to a new folder" time="0"/>
  <testcase name="When I login as correct user" classname="Scenario: Moving letters to a new folder" time="0"/>
  <testcase name="When I choose a few mails" classname="Scenario: Moving letters to a new folder" time="0"/>
  <testcase name="When I click move" classname="Scenario: Moving letters to a new folder" time="0"/>
  <testcase name="When I click button new folder" classname="Scenario: Moving letters to a new folder" time="0"/>
  <testcase name="When I fill the field folder name" classname="Scenario: Moving letters to a new folder" time="0"/>
  <testcase name="When I click button submit" classname="Scenario: Moving letters to a new folder" time="0"/>
  <testcase name="Then I see message that folder create" classname="Scenario: Moving letters to a new folder" time="0"/>
  <testcase name="Scenario: Moving letters to a new folder" classname="Scenario: Moving letters to a new folder" time="0"/>
  <testcase name="Given I am on page with &quot;https://mail.ru&quot; url" classname="Scenario: Put mail into spam" time="0"/>
  <testcase name="When I login as correct user" classname="Scenario: Put mail into spam" time="0"/>
  <testcase name="When I choose a mail" classname="Scenario: Put mail into spam" time="0"/>
  <testcase name="When I click a button Spam" classname="Scenario: Put mail into spam" time="0"/>
  <testcase name="Then I check if mail is in spam" classname="Scenario: Put mail into spam" time="0.001"/>
  <testcase name="Scenario: Put mail into spam" classname="Scenario: Put mail into spam" time="0.001"/>
  <testcase name="Given I am on page with &quot;https://mail.ru&quot; url" classname="Scenario: Extract mail from spam" time="0"/>
  <testcase name="When I login as correct user" classname="Scenario: Extract mail from spam" time="0.001"/>
  <testcase name="When I open1 spam folder" classname="Scenario: Extract mail from spam" time="0"/>
  <testcase name="When I choose a mail in spam" classname="Scenario: Extract mail from spam" time="0"/>
  <testcase name="When I click a button NOT Spam" classname="Scenario: Extract mail from spam" time="0"/>
  <testcase name="Then I check if mail is not in spam" classname="Scenario: Extract mail from spam" time="0"/>
  <testcase name="Scenario: Extract mail from spam" classname="Scenario: Extract mail from spam" time="0"/>
</testsuite>